


ARM Macro Assembler    Page 1 


    1 00000000                 PRESERVE8
    2 00000000                 THUMB
    3 00000000         
    4 00000000                 import           LeSignal
    5 00000000                 export           DFTModuleAuCarre
    6 00000000         
    7 00000000         ; ====================== zone de réservation de données,
                         ======================================
    8 00000000         ;Section RAM (read only) :
    9 00000000                 area             mesdata,data,readonly
   10 00000000         
   11 00000000         
   12 00000000         ;Section RAM (read write):
   13 00000000                 area             maram,data,readwrite
   14 00000000         
   15 00000000         
   16 00000000         
   17 00000000         
   18 00000000         
   19 00000000         ; ======================================================
                       =========================================
   20 00000000         
   21 00000000         
   22 00000000         
   23 00000000         
   24 00000000         ;Section ROM code (read only) :  
   25 00000000                 area             moncode,code,readonly
   26 00000000         ; écrire le code ici
   27 00000000         
   28 00000000         DFTModuleAuCarre
                               proc
   29 00000000         
   30 00000000 E92D 4FF0       push             {r4-r11,lr}
   31 00000004 4E0C            ldr              r6,=TabCos  ;on load l'adresse 
                                                            du premier element 
                                                            de tabcos
   32 00000006 F04F 0200       mov              r2,#0       ;on crée l'index 
   33 0000000A F04F 033F       mov              r3,#63      ;on crée M-1
   34 0000000E F04F 0500       mov              r5,#0       ; on initialise la 
                                                            somme de cos 
   35 00000012         boucle
   36 00000012 F930 4012       ldrsh            r4,[r0,r2,lsl#1] ;on load l'ele
                                                            ment du tableau sig
                                                            nal d'index r2
   37 00000016         ;on va calculer le modulo 64 avec le masque
   38 00000016 FB02 F801       mul              r8,r2,r1
   39 0000001A EA08 0803       and              r8,r3
   40 0000001E F936 7018       ldrsh            r7,[r6,r8,lsl#1] ;on load l'ele
                                                            ment de tabcos d'in
                                                            dice n*k%64
   41 00000022 FB07 F704       mul              r7,r4
   42 00000026 443D            add              r5,r7       ; on fait somme+=x[
                                                            i]*tabcos(nk%64)
   43 00000028 F102 0201       add              r2,#1
   44 0000002C 429A            cmp              r2,r3
   45 0000002E D1F0            bne              boucle
   46 00000030         
   47 00000030 4628            mov              r0,r5       ;on met le resultat
                                                             de la somme sur la



ARM Macro Assembler    Page 2 


                                                             sortie r0
   48 00000032 E8BD 4FF0       pop              {r4-r11,lr}
   49 00000036 4770            bx               lr
   50 00000038         
   51 00000038                 endp
   52 00000038         
   53 00000038         
   54 00000038         
   55 00000038         
   56 00000038         
   57 00000038         
   58 00000038         ;Section ROM code (read only) :  
   59 00000038 00000000        AREA             Trigo, DATA, READONLY
   60 00000000         ; codage fractionnaire 1.15
   61 00000000         
   62 00000000         TabCos
   63 00000000 FF 7F           DCW              32767       ;  0 0x7fff  0.9999
                                                            7
   64 00000002 62 7F           DCW              32610       ;  1 0x7f62  0.9951
                                                            8
   65 00000004 8A 7D           DCW              32138       ;  2 0x7d8a  0.9807
                                                            7
   66 00000006 7D 7A           DCW              31357       ;  3 0x7a7d  0.9569
                                                            4
   67 00000008 42 76           DCW              30274       ;  4 0x7642  0.9238
                                                            9
   68 0000000A E3 70           DCW              28899       ;  5 0x70e3  0.8819
                                                            3
   69 0000000C 6E 6A           DCW              27246       ;  6 0x6a6e  0.8314
                                                            8
   70 0000000E F2 62           DCW              25330       ;  7 0x62f2  0.7730
                                                            1
   71 00000010 82 5A           DCW              23170       ;  8 0x5a82  0.7070
                                                            9
   72 00000012 34 51           DCW              20788       ;  9 0x5134  0.6344
                                                            0
   73 00000014 1D 47           DCW              18205       ; 10 0x471d  0.5555
                                                            7
   74 00000016 57 3C           DCW              15447       ; 11 0x3c57  0.4714
                                                            1
   75 00000018 FC 30           DCW              12540       ; 12 0x30fc  0.3826
                                                            9
   76 0000001A 28 25           DCW              9512        ; 13 0x2528  0.2902
                                                            8
   77 0000001C F9 18           DCW              6393        ; 14 0x18f9  0.1951
                                                            0
   78 0000001E 8C 0C           DCW              3212        ; 15 0x0c8c  0.0980
                                                            2
   79 00000020 00 00           DCW              0           ; 16 0x0000  0.0000
                                                            0
   80 00000022 74 F3           DCW              -3212       ; 17 0xf374 -0.0980
                                                            2
   81 00000024 07 E7           DCW              -6393       ; 18 0xe707 -0.1951
                                                            0
   82 00000026 D8 DA           DCW              -9512       ; 19 0xdad8 -0.2902
                                                            8
   83 00000028 04 CF           DCW              -12540      ; 20 0xcf04 -0.3826
                                                            9
   84 0000002A A9 C3           DCW              -15447      ; 21 0xc3a9 -0.4714



ARM Macro Assembler    Page 3 


                                                            1
   85 0000002C E3 B8           DCW              -18205      ; 22 0xb8e3 -0.5555
                                                            7
   86 0000002E CC AE           DCW              -20788      ; 23 0xaecc -0.6344
                                                            0
   87 00000030 7E A5           DCW              -23170      ; 24 0xa57e -0.7070
                                                            9
   88 00000032 0E 9D           DCW              -25330      ; 25 0x9d0e -0.7730
                                                            1
   89 00000034 92 95           DCW              -27246      ; 26 0x9592 -0.8314
                                                            8
   90 00000036 1D 8F           DCW              -28899      ; 27 0x8f1d -0.8819
                                                            3
   91 00000038 BE 89           DCW              -30274      ; 28 0x89be -0.9238
                                                            9
   92 0000003A 83 85           DCW              -31357      ; 29 0x8583 -0.9569
                                                            4
   93 0000003C 76 82           DCW              -32138      ; 30 0x8276 -0.9807
                                                            7
   94 0000003E 9E 80           DCW              -32610      ; 31 0x809e -0.9951
                                                            8
   95 00000040 00 80           DCW              -32768      ; 32 0x8000 -1.0000
                                                            0
   96 00000042 9E 80           DCW              -32610      ; 33 0x809e -0.9951
                                                            8
   97 00000044 76 82           DCW              -32138      ; 34 0x8276 -0.9807
                                                            7
   98 00000046 83 85           DCW              -31357      ; 35 0x8583 -0.9569
                                                            4
   99 00000048 BE 89           DCW              -30274      ; 36 0x89be -0.9238
                                                            9
  100 0000004A 1D 8F           DCW              -28899      ; 37 0x8f1d -0.8819
                                                            3
  101 0000004C 92 95           DCW              -27246      ; 38 0x9592 -0.8314
                                                            8
  102 0000004E 0E 9D           DCW              -25330      ; 39 0x9d0e -0.7730
                                                            1
  103 00000050 7E A5           DCW              -23170      ; 40 0xa57e -0.7070
                                                            9
  104 00000052 CC AE           DCW              -20788      ; 41 0xaecc -0.6344
                                                            0
  105 00000054 E3 B8           DCW              -18205      ; 42 0xb8e3 -0.5555
                                                            7
  106 00000056 A9 C3           DCW              -15447      ; 43 0xc3a9 -0.4714
                                                            1
  107 00000058 04 CF           DCW              -12540      ; 44 0xcf04 -0.3826
                                                            9
  108 0000005A D8 DA           DCW              -9512       ; 45 0xdad8 -0.2902
                                                            8
  109 0000005C 07 E7           DCW              -6393       ; 46 0xe707 -0.1951
                                                            0
  110 0000005E 74 F3           DCW              -3212       ; 47 0xf374 -0.0980
                                                            2
  111 00000060 00 00           DCW              0           ; 48 0x0000  0.0000
                                                            0
  112 00000062 8C 0C           DCW              3212        ; 49 0x0c8c  0.0980
                                                            2
  113 00000064 F9 18           DCW              6393        ; 50 0x18f9  0.1951
                                                            0



ARM Macro Assembler    Page 4 


  114 00000066 28 25           DCW              9512        ; 51 0x2528  0.2902
                                                            8
  115 00000068 FC 30           DCW              12540       ; 52 0x30fc  0.3826
                                                            9
  116 0000006A 57 3C           DCW              15447       ; 53 0x3c57  0.4714
                                                            1
  117 0000006C 1D 47           DCW              18205       ; 54 0x471d  0.5555
                                                            7
  118 0000006E 34 51           DCW              20788       ; 55 0x5134  0.6344
                                                            0
  119 00000070 82 5A           DCW              23170       ; 56 0x5a82  0.7070
                                                            9
  120 00000072 F2 62           DCW              25330       ; 57 0x62f2  0.7730
                                                            1
  121 00000074 6E 6A           DCW              27246       ; 58 0x6a6e  0.8314
                                                            8
  122 00000076 E3 70           DCW              28899       ; 59 0x70e3  0.8819
                                                            3
  123 00000078 42 76           DCW              30274       ; 60 0x7642  0.9238
                                                            9
  124 0000007A 7D 7A           DCW              31357       ; 61 0x7a7d  0.9569
                                                            4
  125 0000007C 8A 7D           DCW              32138       ; 62 0x7d8a  0.9807
                                                            7
  126 0000007E 62 7F           DCW              32610       ; 63 0x7f62  0.9951
                                                            8
  127 00000080         TabSin
  128 00000080 00 00           DCW              0           ;  0 0x0000  0.0000
                                                            0
  129 00000082 8C 0C           DCW              3212        ;  1 0x0c8c  0.0980
                                                            2
  130 00000084 F9 18           DCW              6393        ;  2 0x18f9  0.1951
                                                            0
  131 00000086 28 25           DCW              9512        ;  3 0x2528  0.2902
                                                            8
  132 00000088 FC 30           DCW              12540       ;  4 0x30fc  0.3826
                                                            9
  133 0000008A 57 3C           DCW              15447       ;  5 0x3c57  0.4714
                                                            1
  134 0000008C 1D 47           DCW              18205       ;  6 0x471d  0.5555
                                                            7
  135 0000008E 34 51           DCW              20788       ;  7 0x5134  0.6344
                                                            0
  136 00000090 82 5A           DCW              23170       ;  8 0x5a82  0.7070
                                                            9
  137 00000092 F2 62           DCW              25330       ;  9 0x62f2  0.7730
                                                            1
  138 00000094 6E 6A           DCW              27246       ; 10 0x6a6e  0.8314
                                                            8
  139 00000096 E3 70           DCW              28899       ; 11 0x70e3  0.8819
                                                            3
  140 00000098 42 76           DCW              30274       ; 12 0x7642  0.9238
                                                            9
  141 0000009A 7D 7A           DCW              31357       ; 13 0x7a7d  0.9569
                                                            4
  142 0000009C 8A 7D           DCW              32138       ; 14 0x7d8a  0.9807
                                                            7
  143 0000009E 62 7F           DCW              32610       ; 15 0x7f62  0.9951
                                                            8



ARM Macro Assembler    Page 5 


  144 000000A0 FF 7F           DCW              32767       ; 16 0x7fff  0.9999
                                                            7
  145 000000A2 62 7F           DCW              32610       ; 17 0x7f62  0.9951
                                                            8
  146 000000A4 8A 7D           DCW              32138       ; 18 0x7d8a  0.9807
                                                            7
  147 000000A6 7D 7A           DCW              31357       ; 19 0x7a7d  0.9569
                                                            4
  148 000000A8 42 76           DCW              30274       ; 20 0x7642  0.9238
                                                            9
  149 000000AA E3 70           DCW              28899       ; 21 0x70e3  0.8819
                                                            3
  150 000000AC 6E 6A           DCW              27246       ; 22 0x6a6e  0.8314
                                                            8
  151 000000AE F2 62           DCW              25330       ; 23 0x62f2  0.7730
                                                            1
  152 000000B0 82 5A           DCW              23170       ; 24 0x5a82  0.7070
                                                            9
  153 000000B2 34 51           DCW              20788       ; 25 0x5134  0.6344
                                                            0
  154 000000B4 1D 47           DCW              18205       ; 26 0x471d  0.5555
                                                            7
  155 000000B6 57 3C           DCW              15447       ; 27 0x3c57  0.4714
                                                            1
  156 000000B8 FC 30           DCW              12540       ; 28 0x30fc  0.3826
                                                            9
  157 000000BA 28 25           DCW              9512        ; 29 0x2528  0.2902
                                                            8
  158 000000BC F9 18           DCW              6393        ; 30 0x18f9  0.1951
                                                            0
  159 000000BE 8C 0C           DCW              3212        ; 31 0x0c8c  0.0980
                                                            2
  160 000000C0 00 00           DCW              0           ; 32 0x0000  0.0000
                                                            0
  161 000000C2 74 F3           DCW              -3212       ; 33 0xf374 -0.0980
                                                            2
  162 000000C4 07 E7           DCW              -6393       ; 34 0xe707 -0.1951
                                                            0
  163 000000C6 D8 DA           DCW              -9512       ; 35 0xdad8 -0.2902
                                                            8
  164 000000C8 04 CF           DCW              -12540      ; 36 0xcf04 -0.3826
                                                            9
  165 000000CA A9 C3           DCW              -15447      ; 37 0xc3a9 -0.4714
                                                            1
  166 000000CC E3 B8           DCW              -18205      ; 38 0xb8e3 -0.5555
                                                            7
  167 000000CE CC AE           DCW              -20788      ; 39 0xaecc -0.6344
                                                            0
  168 000000D0 7E A5           DCW              -23170      ; 40 0xa57e -0.7070
                                                            9
  169 000000D2 0E 9D           DCW              -25330      ; 41 0x9d0e -0.7730
                                                            1
  170 000000D4 92 95           DCW              -27246      ; 42 0x9592 -0.8314
                                                            8
  171 000000D6 1D 8F           DCW              -28899      ; 43 0x8f1d -0.8819
                                                            3
  172 000000D8 BE 89           DCW              -30274      ; 44 0x89be -0.9238
                                                            9
  173 000000DA 83 85           DCW              -31357      ; 45 0x8583 -0.9569



ARM Macro Assembler    Page 6 


                                                            4
  174 000000DC 76 82           DCW              -32138      ; 46 0x8276 -0.9807
                                                            7
  175 000000DE 9E 80           DCW              -32610      ; 47 0x809e -0.9951
                                                            8
  176 000000E0 00 80           DCW              -32768      ; 48 0x8000 -1.0000
                                                            0
  177 000000E2 9E 80           DCW              -32610      ; 49 0x809e -0.9951
                                                            8
  178 000000E4 76 82           DCW              -32138      ; 50 0x8276 -0.9807
                                                            7
  179 000000E6 83 85           DCW              -31357      ; 51 0x8583 -0.9569
                                                            4
  180 000000E8 BE 89           DCW              -30274      ; 52 0x89be -0.9238
                                                            9
  181 000000EA 1D 8F           DCW              -28899      ; 53 0x8f1d -0.8819
                                                            3
  182 000000EC 92 95           DCW              -27246      ; 54 0x9592 -0.8314
                                                            8
  183 000000EE 0E 9D           DCW              -25330      ; 55 0x9d0e -0.7730
                                                            1
  184 000000F0 7E A5           DCW              -23170      ; 56 0xa57e -0.7070
                                                            9
  185 000000F2 CC AE           DCW              -20788      ; 57 0xaecc -0.6344
                                                            0
  186 000000F4 E3 B8           DCW              -18205      ; 58 0xb8e3 -0.5555
                                                            7
  187 000000F6 A9 C3           DCW              -15447      ; 59 0xc3a9 -0.4714
                                                            1
  188 000000F8 04 CF           DCW              -12540      ; 60 0xcf04 -0.3826
                                                            9
  189 000000FA D8 DA           DCW              -9512       ; 61 0xdad8 -0.2902
                                                            8
  190 000000FC 07 E7           DCW              -6393       ; 62 0xe707 -0.1951
                                                            0
  191 000000FE 74 F3           DCW              -3212       ; 63 0xf374 -0.0980
                                                            2
  192 00000100         
  193 00000100         
  194 00000100         
  195 00000100         
  196 00000100         
  197 00000100         
  198 00000100         
  199 00000100         
  200 00000100         
  201 00000100         
  202 00000100                 END
Command Line: --debug --xref --diag_suppress=9931 --cpu=Cortex-M3 --apcs=interw
ork --depend=.\obj\dft.d -o.\obj\dft.o -I.\Src -I.\RTE\_Simu -IC:\Programdata\K
eil\Arm\Packs\ARM\CMSIS\5.7.0\CMSIS\Core\Include -IC:\Programdata\Keil\Arm\Pack
s\Keil\STM32F1xx_DFP\2.3.0\Device\Include --predefine="__EVAL SETA 1" --predefi
ne="__MICROLIB SETA 1" --predefine="__UVISION_VERSION SETA 534" --predefine="_R
TE_ SETA 1" --predefine="STM32F10X_MD SETA 1" --predefine="_RTE_ SETA 1" --list
=dft.lst Src\DFT.s



ARM Macro Assembler    Page 1 Alphabetic symbol ordering
Relocatable symbols

mesdata 00000000

Symbol: mesdata
   Definitions
      At line 9 in file Src\DFT.s
   Uses
      None
Comment: mesdata unused
1 symbol



ARM Macro Assembler    Page 1 Alphabetic symbol ordering
Relocatable symbols

maram 00000000

Symbol: maram
   Definitions
      At line 13 in file Src\DFT.s
   Uses
      None
Comment: maram unused
1 symbol



ARM Macro Assembler    Page 1 Alphabetic symbol ordering
Relocatable symbols

DFTModuleAuCarre 00000000

Symbol: DFTModuleAuCarre
   Definitions
      At line 28 in file Src\DFT.s
   Uses
      At line 5 in file Src\DFT.s
Comment: DFTModuleAuCarre used once
boucle 00000012

Symbol: boucle
   Definitions
      At line 35 in file Src\DFT.s
   Uses
      At line 45 in file Src\DFT.s
Comment: boucle used once
moncode 00000000

Symbol: moncode
   Definitions
      At line 25 in file Src\DFT.s
   Uses
      None
Comment: moncode unused
3 symbols



ARM Macro Assembler    Page 1 Alphabetic symbol ordering
Relocatable symbols

TabCos 00000000

Symbol: TabCos
   Definitions
      At line 62 in file Src\DFT.s
   Uses
      At line 31 in file Src\DFT.s
Comment: TabCos used once
TabSin 00000080

Symbol: TabSin
   Definitions
      At line 127 in file Src\DFT.s
   Uses
      None
Comment: TabSin unused
Trigo 00000000

Symbol: Trigo
   Definitions
      At line 59 in file Src\DFT.s
   Uses
      None
Comment: Trigo unused
3 symbols



ARM Macro Assembler    Page 1 Alphabetic symbol ordering
External symbols

LeSignal 00000000

Symbol: LeSignal
   Definitions
      At line 4 in file Src\DFT.s
   Uses
      None
Comment: LeSignal unused
1 symbol
346 symbols in table
