


ARM Macro Assembler    Page 1 


    1 00000000                 PRESERVE8
    2 00000000                 THUMB
    3 00000000         
    4 00000000                 import           LeSignal
    5 00000000                 export           DFTModuleAuCarre
    6 00000000         
    7 00000000         ; ====================== zone de réservation de données,
                         ======================================
    8 00000000         ;Section RAM (read only) :
    9 00000000                 area             mesdata,data,readonly
   10 00000000         
   11 00000000         
   12 00000000         ;Section RAM (read write):
   13 00000000                 area             maram,data,readwrite
   14 00000000         
   15 00000000         
   16 00000000         
   17 00000000         
   18 00000000         
   19 00000000         ; ======================================================
                       =========================================
   20 00000000         
   21 00000000         
   22 00000000         
   23 00000000         
   24 00000000         ;Section ROM code (read only) :  
   25 00000000                 area             moncode,code,readonly
   26 00000000         ; écrire le code ici
   27 00000000         
   28 00000000         
   29 00000000         
   30 00000000         
   31 00000000         DFTModuleAuCarre
                               proc
   32 00000000 E92D 4FF0       push             {r4-r11,lr}
   33 00000004 F04F 0400       mov              r4, #0      ; compteur
   34 00000008 F04F 0500       mov              r5, #0      ; total Re
   35 0000000C F04F 0A00       mov              r10, #0     ; total Im
   36 00000010         
   37 00000010 4683            mov              r11, r0     ; on copie l'adress
                                                            e du premier élemen
                                                            t du signal dans r1
                                                            1 pour le récupérer
                                                             après la première 
                                                            somme (cos)
   38 00000012         
   39 00000012 4A17            ldr              r2, =TabCos ; on load TabCos
   40 00000014 F7FF FFFE       bl               Somme       ; on lance la fonct
                                                            ion qui fait la som
                                                            me pour la partie C
                                                            os
   41 00000018 4405            add              r5, r0      ; on stock dans r5 
                                                            le resultat de la s
                                                            omme des Re 
   42 0000001A         
   43 0000001A 4658            mov              r0, r11     ;on remet l'adresse
                                                             du premier element
                                                             du signal dans r0
   44 0000001C 4A15            ldr              r2, =TabSin ; on load les Sin



ARM Macro Assembler    Page 2 


   45 0000001E F7FF FFFE       bl               Somme       ; on lance la fonct
                                                            ion qui fait la som
                                                            me pour la partie S
                                                            in
   46 00000022 4482            add              r10, r0     ; on stock dans r10
                                                             le resultat de la 
                                                            somme des Im
   47 00000024         
   48 00000024         ;passage au carré
   49 00000024 F04F 0400       mov              r4,#0       ;registre low
   50 00000028 F04F 0300       mov              r3,#0       ;registre high
   51 0000002C FBC5 4305       smlal            r4,r3,r5,r5 ; multiplication et
                                                             accumulation pour 
                                                            Re au carré
   52 00000030 FBCA 430A       smlal            r4,r3,r10,r10 ; multiplication 
                                                            et accumulation pou
                                                            r Im carré + Re car
                                                            ré
   53 00000034 4618            mov              r0,r3       ; on renvoie les 32
                                                            bits de poids forts
                                                             stockés dans le re
                                                            gistre high (et on 
                                                            tronque les bits fa
                                                            ible du registre lo
                                                            w) via le registre 
                                                            de retour de foncti
                                                            on r0
   54 00000036         
   55 00000036 E8BD 4FF0       pop              {r4-r11,lr}
   56 0000003A 4770            bx               lr
   57 0000003C                 endp
   58 0000003C         
   59 0000003C         Somme   proc                         ; r0 = signal, r1 =
                                                             k, r2 = TabCos ou 
                                                            TabSin
   60 0000003C E92D 4FF0       push             {r4-r11,lr}
   61 00000040 F04F 0400       mov              r4, #0      ;compteur
   62 00000044 F04F 0500       mov              r5, #0      ;total
   63 00000048         
   64 00000048         boucle
   65 00000048         
   66 00000048 FB01 F704       mul              r7, r1, r4  ; calcul de p
   67 0000004C F007 073F       and              r7, #63     ; modulo avec le ma
                                                            que
   68 00000050         
   69 00000050 F932 3017       ldrsh            r3, [r2,r7, lsl #1] ; Tab, r3 e
                                                            st au formt 1.15
   70 00000054 F930 6014       ldrsh            r6, [r0,r4, lsl #1] ; TabCos ou
                                                             TabSin est au form
                                                            at 4.12
   71 00000058         
   72 00000058 FB03 F306       mul              r3, r6      ; par multiplicatio
                                                            n =>5.27
   73 0000005C 441D            add              r5, r3      ; on incrémente le 
                                                            total
   74 0000005E         
   75 0000005E F104 0401       add              r4, #1      ; on incrémente le 
                                                            compteur
   76 00000062 2C40            cmp              r4,#64      ; verification bouc



ARM Macro Assembler    Page 3 


                                                            le
   77 00000064 D1F0            bne              boucle
   78 00000066         
   79 00000066 4628            mov              r0, r5      ; on met le total s
                                                            ur le registre de s
                                                            ortie de fonction r
                                                            0
   80 00000068 E8BD 4FF0       pop              {r4-r11,lr}
   81 0000006C 4770            bx               lr
   82 0000006E                 endp
   83 0000006E         
   84 0000006E         
   85 0000006E         
   86 0000006E         
   87 0000006E         
   88 0000006E         
   89 0000006E         ;Section ROM code (read only) :  
   90 0000006E 00 00 00000000 
              00000000         AREA             Trigo, DATA, READONLY
   91 00000000         ; codage fractionnaire 1.15
   92 00000000         
   93 00000000         TabCos
   94 00000000 FF 7F           DCW              32767       ;  0 0x7fff  0.9999
                                                            7
   95 00000002 62 7F           DCW              32610       ;  1 0x7f62  0.9951
                                                            8
   96 00000004 8A 7D           DCW              32138       ;  2 0x7d8a  0.9807
                                                            7
   97 00000006 7D 7A           DCW              31357       ;  3 0x7a7d  0.9569
                                                            4
   98 00000008 42 76           DCW              30274       ;  4 0x7642  0.9238
                                                            9
   99 0000000A E3 70           DCW              28899       ;  5 0x70e3  0.8819
                                                            3
  100 0000000C 6E 6A           DCW              27246       ;  6 0x6a6e  0.8314
                                                            8
  101 0000000E F2 62           DCW              25330       ;  7 0x62f2  0.7730
                                                            1
  102 00000010 82 5A           DCW              23170       ;  8 0x5a82  0.7070
                                                            9
  103 00000012 34 51           DCW              20788       ;  9 0x5134  0.6344
                                                            0
  104 00000014 1D 47           DCW              18205       ; 10 0x471d  0.5555
                                                            7
  105 00000016 57 3C           DCW              15447       ; 11 0x3c57  0.4714
                                                            1
  106 00000018 FC 30           DCW              12540       ; 12 0x30fc  0.3826
                                                            9
  107 0000001A 28 25           DCW              9512        ; 13 0x2528  0.2902
                                                            8
  108 0000001C F9 18           DCW              6393        ; 14 0x18f9  0.1951
                                                            0
  109 0000001E 8C 0C           DCW              3212        ; 15 0x0c8c  0.0980
                                                            2
  110 00000020 00 00           DCW              0           ; 16 0x0000  0.0000
                                                            0
  111 00000022 74 F3           DCW              -3212       ; 17 0xf374 -0.0980
                                                            2
  112 00000024 07 E7           DCW              -6393       ; 18 0xe707 -0.1951



ARM Macro Assembler    Page 4 


                                                            0
  113 00000026 D8 DA           DCW              -9512       ; 19 0xdad8 -0.2902
                                                            8
  114 00000028 04 CF           DCW              -12540      ; 20 0xcf04 -0.3826
                                                            9
  115 0000002A A9 C3           DCW              -15447      ; 21 0xc3a9 -0.4714
                                                            1
  116 0000002C E3 B8           DCW              -18205      ; 22 0xb8e3 -0.5555
                                                            7
  117 0000002E CC AE           DCW              -20788      ; 23 0xaecc -0.6344
                                                            0
  118 00000030 7E A5           DCW              -23170      ; 24 0xa57e -0.7070
                                                            9
  119 00000032 0E 9D           DCW              -25330      ; 25 0x9d0e -0.7730
                                                            1
  120 00000034 92 95           DCW              -27246      ; 26 0x9592 -0.8314
                                                            8
  121 00000036 1D 8F           DCW              -28899      ; 27 0x8f1d -0.8819
                                                            3
  122 00000038 BE 89           DCW              -30274      ; 28 0x89be -0.9238
                                                            9
  123 0000003A 83 85           DCW              -31357      ; 29 0x8583 -0.9569
                                                            4
  124 0000003C 76 82           DCW              -32138      ; 30 0x8276 -0.9807
                                                            7
  125 0000003E 9E 80           DCW              -32610      ; 31 0x809e -0.9951
                                                            8
  126 00000040 00 80           DCW              -32768      ; 32 0x8000 -1.0000
                                                            0
  127 00000042 9E 80           DCW              -32610      ; 33 0x809e -0.9951
                                                            8
  128 00000044 76 82           DCW              -32138      ; 34 0x8276 -0.9807
                                                            7
  129 00000046 83 85           DCW              -31357      ; 35 0x8583 -0.9569
                                                            4
  130 00000048 BE 89           DCW              -30274      ; 36 0x89be -0.9238
                                                            9
  131 0000004A 1D 8F           DCW              -28899      ; 37 0x8f1d -0.8819
                                                            3
  132 0000004C 92 95           DCW              -27246      ; 38 0x9592 -0.8314
                                                            8
  133 0000004E 0E 9D           DCW              -25330      ; 39 0x9d0e -0.7730
                                                            1
  134 00000050 7E A5           DCW              -23170      ; 40 0xa57e -0.7070
                                                            9
  135 00000052 CC AE           DCW              -20788      ; 41 0xaecc -0.6344
                                                            0
  136 00000054 E3 B8           DCW              -18205      ; 42 0xb8e3 -0.5555
                                                            7
  137 00000056 A9 C3           DCW              -15447      ; 43 0xc3a9 -0.4714
                                                            1
  138 00000058 04 CF           DCW              -12540      ; 44 0xcf04 -0.3826
                                                            9
  139 0000005A D8 DA           DCW              -9512       ; 45 0xdad8 -0.2902
                                                            8
  140 0000005C 07 E7           DCW              -6393       ; 46 0xe707 -0.1951
                                                            0
  141 0000005E 74 F3           DCW              -3212       ; 47 0xf374 -0.0980
                                                            2



ARM Macro Assembler    Page 5 


  142 00000060 00 00           DCW              0           ; 48 0x0000  0.0000
                                                            0
  143 00000062 8C 0C           DCW              3212        ; 49 0x0c8c  0.0980
                                                            2
  144 00000064 F9 18           DCW              6393        ; 50 0x18f9  0.1951
                                                            0
  145 00000066 28 25           DCW              9512        ; 51 0x2528  0.2902
                                                            8
  146 00000068 FC 30           DCW              12540       ; 52 0x30fc  0.3826
                                                            9
  147 0000006A 57 3C           DCW              15447       ; 53 0x3c57  0.4714
                                                            1
  148 0000006C 1D 47           DCW              18205       ; 54 0x471d  0.5555
                                                            7
  149 0000006E 34 51           DCW              20788       ; 55 0x5134  0.6344
                                                            0
  150 00000070 82 5A           DCW              23170       ; 56 0x5a82  0.7070
                                                            9
  151 00000072 F2 62           DCW              25330       ; 57 0x62f2  0.7730
                                                            1
  152 00000074 6E 6A           DCW              27246       ; 58 0x6a6e  0.8314
                                                            8
  153 00000076 E3 70           DCW              28899       ; 59 0x70e3  0.8819
                                                            3
  154 00000078 42 76           DCW              30274       ; 60 0x7642  0.9238
                                                            9
  155 0000007A 7D 7A           DCW              31357       ; 61 0x7a7d  0.9569
                                                            4
  156 0000007C 8A 7D           DCW              32138       ; 62 0x7d8a  0.9807
                                                            7
  157 0000007E 62 7F           DCW              32610       ; 63 0x7f62  0.9951
                                                            8
  158 00000080         TabSin
  159 00000080 00 00           DCW              0           ;  0 0x0000  0.0000
                                                            0
  160 00000082 8C 0C           DCW              3212        ;  1 0x0c8c  0.0980
                                                            2
  161 00000084 F9 18           DCW              6393        ;  2 0x18f9  0.1951
                                                            0
  162 00000086 28 25           DCW              9512        ;  3 0x2528  0.2902
                                                            8
  163 00000088 FC 30           DCW              12540       ;  4 0x30fc  0.3826
                                                            9
  164 0000008A 57 3C           DCW              15447       ;  5 0x3c57  0.4714
                                                            1
  165 0000008C 1D 47           DCW              18205       ;  6 0x471d  0.5555
                                                            7
  166 0000008E 34 51           DCW              20788       ;  7 0x5134  0.6344
                                                            0
  167 00000090 82 5A           DCW              23170       ;  8 0x5a82  0.7070
                                                            9
  168 00000092 F2 62           DCW              25330       ;  9 0x62f2  0.7730
                                                            1
  169 00000094 6E 6A           DCW              27246       ; 10 0x6a6e  0.8314
                                                            8
  170 00000096 E3 70           DCW              28899       ; 11 0x70e3  0.8819
                                                            3
  171 00000098 42 76           DCW              30274       ; 12 0x7642  0.9238
                                                            9



ARM Macro Assembler    Page 6 


  172 0000009A 7D 7A           DCW              31357       ; 13 0x7a7d  0.9569
                                                            4
  173 0000009C 8A 7D           DCW              32138       ; 14 0x7d8a  0.9807
                                                            7
  174 0000009E 62 7F           DCW              32610       ; 15 0x7f62  0.9951
                                                            8
  175 000000A0 FF 7F           DCW              32767       ; 16 0x7fff  0.9999
                                                            7
  176 000000A2 62 7F           DCW              32610       ; 17 0x7f62  0.9951
                                                            8
  177 000000A4 8A 7D           DCW              32138       ; 18 0x7d8a  0.9807
                                                            7
  178 000000A6 7D 7A           DCW              31357       ; 19 0x7a7d  0.9569
                                                            4
  179 000000A8 42 76           DCW              30274       ; 20 0x7642  0.9238
                                                            9
  180 000000AA E3 70           DCW              28899       ; 21 0x70e3  0.8819
                                                            3
  181 000000AC 6E 6A           DCW              27246       ; 22 0x6a6e  0.8314
                                                            8
  182 000000AE F2 62           DCW              25330       ; 23 0x62f2  0.7730
                                                            1
  183 000000B0 82 5A           DCW              23170       ; 24 0x5a82  0.7070
                                                            9
  184 000000B2 34 51           DCW              20788       ; 25 0x5134  0.6344
                                                            0
  185 000000B4 1D 47           DCW              18205       ; 26 0x471d  0.5555
                                                            7
  186 000000B6 57 3C           DCW              15447       ; 27 0x3c57  0.4714
                                                            1
  187 000000B8 FC 30           DCW              12540       ; 28 0x30fc  0.3826
                                                            9
  188 000000BA 28 25           DCW              9512        ; 29 0x2528  0.2902
                                                            8
  189 000000BC F9 18           DCW              6393        ; 30 0x18f9  0.1951
                                                            0
  190 000000BE 8C 0C           DCW              3212        ; 31 0x0c8c  0.0980
                                                            2
  191 000000C0 00 00           DCW              0           ; 32 0x0000  0.0000
                                                            0
  192 000000C2 74 F3           DCW              -3212       ; 33 0xf374 -0.0980
                                                            2
  193 000000C4 07 E7           DCW              -6393       ; 34 0xe707 -0.1951
                                                            0
  194 000000C6 D8 DA           DCW              -9512       ; 35 0xdad8 -0.2902
                                                            8
  195 000000C8 04 CF           DCW              -12540      ; 36 0xcf04 -0.3826
                                                            9
  196 000000CA A9 C3           DCW              -15447      ; 37 0xc3a9 -0.4714
                                                            1
  197 000000CC E3 B8           DCW              -18205      ; 38 0xb8e3 -0.5555
                                                            7
  198 000000CE CC AE           DCW              -20788      ; 39 0xaecc -0.6344
                                                            0
  199 000000D0 7E A5           DCW              -23170      ; 40 0xa57e -0.7070
                                                            9
  200 000000D2 0E 9D           DCW              -25330      ; 41 0x9d0e -0.7730
                                                            1
  201 000000D4 92 95           DCW              -27246      ; 42 0x9592 -0.8314



ARM Macro Assembler    Page 7 


                                                            8
  202 000000D6 1D 8F           DCW              -28899      ; 43 0x8f1d -0.8819
                                                            3
  203 000000D8 BE 89           DCW              -30274      ; 44 0x89be -0.9238
                                                            9
  204 000000DA 83 85           DCW              -31357      ; 45 0x8583 -0.9569
                                                            4
  205 000000DC 76 82           DCW              -32138      ; 46 0x8276 -0.9807
                                                            7
  206 000000DE 9E 80           DCW              -32610      ; 47 0x809e -0.9951
                                                            8
  207 000000E0 00 80           DCW              -32768      ; 48 0x8000 -1.0000
                                                            0
  208 000000E2 9E 80           DCW              -32610      ; 49 0x809e -0.9951
                                                            8
  209 000000E4 76 82           DCW              -32138      ; 50 0x8276 -0.9807
                                                            7
  210 000000E6 83 85           DCW              -31357      ; 51 0x8583 -0.9569
                                                            4
  211 000000E8 BE 89           DCW              -30274      ; 52 0x89be -0.9238
                                                            9
  212 000000EA 1D 8F           DCW              -28899      ; 53 0x8f1d -0.8819
                                                            3
  213 000000EC 92 95           DCW              -27246      ; 54 0x9592 -0.8314
                                                            8
  214 000000EE 0E 9D           DCW              -25330      ; 55 0x9d0e -0.7730
                                                            1
  215 000000F0 7E A5           DCW              -23170      ; 56 0xa57e -0.7070
                                                            9
  216 000000F2 CC AE           DCW              -20788      ; 57 0xaecc -0.6344
                                                            0
  217 000000F4 E3 B8           DCW              -18205      ; 58 0xb8e3 -0.5555
                                                            7
  218 000000F6 A9 C3           DCW              -15447      ; 59 0xc3a9 -0.4714
                                                            1
  219 000000F8 04 CF           DCW              -12540      ; 60 0xcf04 -0.3826
                                                            9
  220 000000FA D8 DA           DCW              -9512       ; 61 0xdad8 -0.2902
                                                            8
  221 000000FC 07 E7           DCW              -6393       ; 62 0xe707 -0.1951
                                                            0
  222 000000FE 74 F3           DCW              -3212       ; 63 0xf374 -0.0980
                                                            2
  223 00000100         
  224 00000100         
  225 00000100         
  226 00000100         
  227 00000100         
  228 00000100         
  229 00000100         
  230 00000100         
  231 00000100         
  232 00000100         
  233 00000100                 END
Command Line: --debug --xref --diag_suppress=9931 --cpu=Cortex-M3 --apcs=interw
ork --depend=.\obj\dft.d -o.\obj\dft.o -I.\Src -I.\Driver -I.\RTE\_Simu -IC:\Pr
ogramdata\Keil\Arm\Packs\ARM\CMSIS\5.7.0\CMSIS\Core\Include -IC:\Programdata\Ke
il\Arm\Packs\Keil\STM32F1xx_DFP\2.3.0\Device\Include --predefine="__EVAL SETA 1
" --predefine="__MICROLIB SETA 1" --predefine="__UVISION_VERSION SETA 534" --pr



ARM Macro Assembler    Page 8 


edefine="_RTE_ SETA 1" --predefine="STM32F10X_MD SETA 1" --predefine="_RTE_ SET
A 1" --list=dft.lst Src\DFT.s



ARM Macro Assembler    Page 1 Alphabetic symbol ordering
Relocatable symbols

mesdata 00000000

Symbol: mesdata
   Definitions
      At line 9 in file Src\DFT.s
   Uses
      None
Comment: mesdata unused
1 symbol



ARM Macro Assembler    Page 1 Alphabetic symbol ordering
Relocatable symbols

maram 00000000

Symbol: maram
   Definitions
      At line 13 in file Src\DFT.s
   Uses
      None
Comment: maram unused
1 symbol



ARM Macro Assembler    Page 1 Alphabetic symbol ordering
Relocatable symbols

DFTModuleAuCarre 00000000

Symbol: DFTModuleAuCarre
   Definitions
      At line 31 in file Src\DFT.s
   Uses
      At line 5 in file Src\DFT.s
Comment: DFTModuleAuCarre used once
Somme 0000003C

Symbol: Somme
   Definitions
      At line 59 in file Src\DFT.s
   Uses
      At line 40 in file Src\DFT.s
      At line 45 in file Src\DFT.s

boucle 00000048

Symbol: boucle
   Definitions
      At line 64 in file Src\DFT.s
   Uses
      At line 77 in file Src\DFT.s
Comment: boucle used once
moncode 00000000

Symbol: moncode
   Definitions
      At line 25 in file Src\DFT.s
   Uses
      None
Comment: moncode unused
4 symbols



ARM Macro Assembler    Page 1 Alphabetic symbol ordering
Relocatable symbols

TabCos 00000000

Symbol: TabCos
   Definitions
      At line 93 in file Src\DFT.s
   Uses
      At line 39 in file Src\DFT.s
Comment: TabCos used once
TabSin 00000080

Symbol: TabSin
   Definitions
      At line 158 in file Src\DFT.s
   Uses
      At line 44 in file Src\DFT.s
Comment: TabSin used once
Trigo 00000000

Symbol: Trigo
   Definitions
      At line 90 in file Src\DFT.s
   Uses
      None
Comment: Trigo unused
3 symbols



ARM Macro Assembler    Page 1 Alphabetic symbol ordering
External symbols

LeSignal 00000000

Symbol: LeSignal
   Definitions
      At line 4 in file Src\DFT.s
   Uses
      None
Comment: LeSignal unused
1 symbol
347 symbols in table
